<?xml version="1.0" encoding="UTF-8"?>
<coverage generated="1667442229501" clover="3.2.0">
  <project timestamp="1667442229502" name="All files">
    <metrics statements="7" coveredstatements="7" conditionals="0" coveredconditionals="0" methods="7" coveredmethods="7" elements="14" coveredelements="14" complexity="0" loc="7" ncloc="7" packages="1" files="2" classes="2"/>
    <file name="count.js" path="E:\learn\lagouBigFront\md\Vue\code\test\count.js">
      <metrics statements="5" coveredstatements="5" conditionals="0" coveredconditionals="0" methods="5" coveredmethods="5"/>
      <line num="3" count="4" type="stmt"/>
      <line num="6" count="1" type="stmt"/>
      <line num="9" count="1" type="stmt"/>
      <line num="12" count="1" type="stmt"/>
      <line num="15" count="1" type="stmt"/>
    </file>
    <file name="math.js" path="E:\learn\lagouBigFront\md\Vue\code\test\math.js">
      <metrics statements="2" coveredstatements="2" conditionals="0" coveredconditionals="0" methods="2" coveredmethods="2"/>
      <line num="2" count="1" type="stmt"/>
      <line num="5" count="1" type="stmt"/>
    </file>
  </project>
</coverage>
